<?xml version="1.0" encoding="UTF-8"?>
<!-- Generated by org.testng.reporters.JUnitReportReporter -->
<testsuite hostname="DESKTOP-MHSBUN6" failures="0" tests="2" name="testcasesORG.tcExecution" time="16.002" errors="0" timestamp="2024-03-26T16:00:53 IST" skipped="0">
  <testcase classname="testcasesORG.tcExecution" name="testcase" time="12.944"/>
  <system-out/>
  <testcase classname="testcasesORG.tcExecution" name="login" time="3.058"/>
  <system-out/>
</testsuite> <!-- testcasesORG.tcExecution -->
