<?xml version="1.0" encoding="UTF-8"?>
<!-- Generated by org.testng.reporters.JUnitReportReporter -->
<testsuite hostname="DESKTOP-MHSBUN6" failures="0" tests="1" name="kosmik_basic.basic_class" time="0.036" errors="0" timestamp="2024-03-19T13:09:31 IST" skipped="0">
  <testcase classname="kosmik_basic.basic_class" name="login" time="0.036"/>
  <system-out/>
</testsuite> <!-- kosmik_basic.basic_class -->
